Determining if the pthread_create exist failed with the following output:
Change Dir: /home/ubuntu/phoenix/build/CMakeFiles/CMakeTmp

Run Build Command:"/usr/bin/make" "cmTC_7bc27/fast"
make[1]: Entering directory '/home/ubuntu/phoenix/build/CMakeFiles/CMakeTmp'
/usr/bin/make -f CMakeFiles/cmTC_7bc27.dir/build.make CMakeFiles/cmTC_7bc27.dir/build
make[2]: Entering directory '/home/ubuntu/phoenix/build/CMakeFiles/CMakeTmp'
Building C object CMakeFiles/cmTC_7bc27.dir/CheckSymbolExists.c.o
/usr/bin/cc    -o CMakeFiles/cmTC_7bc27.dir/CheckSymbolExists.c.o   -c /home/ubuntu/phoenix/build/CMakeFiles/CMakeTmp/CheckSymbolExists.c
Linking C executable cmTC_7bc27
/usr/bin/cmake -E cmake_link_script CMakeFiles/cmTC_7bc27.dir/link.txt --verbose=1
/usr/bin/cc      -rdynamic CMakeFiles/cmTC_7bc27.dir/CheckSymbolExists.c.o  -o cmTC_7bc27 
CMakeFiles/cmTC_7bc27.dir/CheckSymbolExists.c.o: In function `main':
CheckSymbolExists.c:(.text+0x1b): undefined reference to `pthread_create'
collect2: error: ld returned 1 exit status
CMakeFiles/cmTC_7bc27.dir/build.make:97: recipe for target 'cmTC_7bc27' failed
make[2]: *** [cmTC_7bc27] Error 1
make[2]: Leaving directory '/home/ubuntu/phoenix/build/CMakeFiles/CMakeTmp'
Makefile:126: recipe for target 'cmTC_7bc27/fast' failed
make[1]: *** [cmTC_7bc27/fast] Error 2
make[1]: Leaving directory '/home/ubuntu/phoenix/build/CMakeFiles/CMakeTmp'

File /home/ubuntu/phoenix/build/CMakeFiles/CMakeTmp/CheckSymbolExists.c:
/* */
#include <pthread.h>

int main(int argc, char** argv)
{
  (void)argv;
#ifndef pthread_create
  return ((int*)(&pthread_create))[argc];
#else
  (void)argc;
  return 0;
#endif
}

Determining if the function pthread_create exists in the pthreads failed with the following output:
Change Dir: /home/ubuntu/phoenix/build/CMakeFiles/CMakeTmp

Run Build Command:"/usr/bin/make" "cmTC_94f83/fast"
make[1]: Entering directory '/home/ubuntu/phoenix/build/CMakeFiles/CMakeTmp'
/usr/bin/make -f CMakeFiles/cmTC_94f83.dir/build.make CMakeFiles/cmTC_94f83.dir/build
make[2]: Entering directory '/home/ubuntu/phoenix/build/CMakeFiles/CMakeTmp'
Building C object CMakeFiles/cmTC_94f83.dir/CheckFunctionExists.c.o
/usr/bin/cc   -DCHECK_FUNCTION_EXISTS=pthread_create   -o CMakeFiles/cmTC_94f83.dir/CheckFunctionExists.c.o   -c /usr/share/cmake-3.10/Modules/CheckFunctionExists.c
Linking C executable cmTC_94f83
/usr/bin/cmake -E cmake_link_script CMakeFiles/cmTC_94f83.dir/link.txt --verbose=1
/usr/bin/cc  -DCHECK_FUNCTION_EXISTS=pthread_create    -rdynamic CMakeFiles/cmTC_94f83.dir/CheckFunctionExists.c.o  -o cmTC_94f83 -lpthreads 
/usr/bin/ld: cannot find -lpthreads
collect2: error: ld returned 1 exit status
CMakeFiles/cmTC_94f83.dir/build.make:97: recipe for target 'cmTC_94f83' failed
make[2]: *** [cmTC_94f83] Error 1
make[2]: Leaving directory '/home/ubuntu/phoenix/build/CMakeFiles/CMakeTmp'
Makefile:126: recipe for target 'cmTC_94f83/fast' failed
make[1]: *** [cmTC_94f83/fast] Error 2
make[1]: Leaving directory '/home/ubuntu/phoenix/build/CMakeFiles/CMakeTmp'


